android/app/build/intermediates/manifest_merge_blame_file/debug/manifest-merger-blame-debug-report.txt
1<?xml version="1.0" encoding="utf-8"?>
2<manifest xmlns:android="http://schemas.android.com/apk/res/android"
3    package="com.chitieuhoply"
4    android:versionCode="1"
5    android:versionName="1.0" >
6
7    <uses-sdk
8        android:minSdkVersion="21"
9        android:targetSdkVersion="29" />
10
11    <uses-permission android:name="android.permission.SYSTEM_ALERT_WINDOW" />
11-->src\debug\AndroidManifest.xml:5:5-77
11-->src\debug\AndroidManifest.xml:5:22-75
12    <uses-permission android:name="android.permission.INTERNET" />
12-->src\main\AndroidManifest.xml:4:5-67
12-->src\main\AndroidManifest.xml:4:22-64
13    <uses-permission android:name="android.permission.ACCESS_WIFI_STATE" />
13-->[com.facebook.flipper:flipper:0.99.0] AndroidManifest.xml:16:5-76
13-->[com.facebook.flipper:flipper:0.99.0] AndroidManifest.xml:16:22-73
14    <uses-permission android:name="android.permission.USE_BIOMETRIC" />
14-->[:react-native-keychain] AndroidManifest.xml:9:5-72
14-->[:react-native-keychain] AndroidManifest.xml:9:22-69
15    <uses-permission android:name="android.permission.USE_FINGERPRINT" />
15-->[:react-native-keychain] AndroidManifest.xml:10:5-74
15-->[:react-native-keychain] AndroidManifest.xml:10:22-71
16    <uses-permission android:name="android.permission.WRITE_EXTERNAL_STORAGE" />
16-->[:expo-file-system] AndroidManifest.xml:11:5-81
16-->[:expo-file-system] AndroidManifest.xml:11:22-78
17    <uses-permission android:name="android.permission.READ_EXTERNAL_STORAGE" />
17-->[:expo-file-system] AndroidManifest.xml:12:5-80
17-->[:expo-file-system] AndroidManifest.xml:12:22-77
18
19    <queries>
19-->[:expo-file-system] AndroidManifest.xml:14:5-20:15
20
21        <!-- Query open documents -->
22        <intent>
22-->[:expo-file-system] AndroidManifest.xml:17:9-19:18
23            <action android:name="android.intent.action.OPEN_DOCUMENT_TREE" />
23-->[:expo-file-system] AndroidManifest.xml:18:13-79
23-->[:expo-file-system] AndroidManifest.xml:18:21-76
24        </intent>
25    </queries>
26
27    <uses-permission android:name="com.google.android.finsky.permission.BIND_GET_INSTALL_REFERRER_SERVICE" />
27-->[com.android.installreferrer:installreferrer:1.0] AndroidManifest.xml:9:5-110
27-->[com.android.installreferrer:installreferrer:1.0] AndroidManifest.xml:9:22-107
28
29    <application
29-->src\main\AndroidManifest.xml:6:5-24:19
30        android:name="com.chitieuhoply.MainApplication"
30-->src\main\AndroidManifest.xml:7:7-38
31        android:allowBackup="false"
31-->src\main\AndroidManifest.xml:11:7-34
32        android:appComponentFactory="androidx.core.app.CoreComponentFactory"
32-->[androidx.core:core:1.5.0] AndroidManifest.xml:24:18-86
33        android:debuggable="true"
34        android:icon="@mipmap/ic_launcher"
34-->src\main\AndroidManifest.xml:9:7-41
35        android:label="@string/app_name"
35-->src\main\AndroidManifest.xml:8:7-39
36        android:roundIcon="@mipmap/ic_launcher_round"
36-->src\main\AndroidManifest.xml:10:7-52
37        android:theme="@style/AppTheme"
37-->src\main\AndroidManifest.xml:12:7-38
38        android:usesCleartextTraffic="true" >
38-->src\debug\AndroidManifest.xml:8:13-48
39        <activity android:name="com.facebook.react.devsupport.DevSettingsActivity" />
39-->src\debug\AndroidManifest.xml:11:9-86
39-->src\debug\AndroidManifest.xml:11:19-83
40        <activity
40-->src\main\AndroidManifest.xml:13:7-23:18
41            android:name="com.chitieuhoply.MainActivity"
41-->src\main\AndroidManifest.xml:14:9-37
42            android:configChanges="keyboard|keyboardHidden|orientation|screenSize|uiMode"
42-->src\main\AndroidManifest.xml:16:9-86
43            android:label="@string/app_name"
43-->src\main\AndroidManifest.xml:15:9-41
44            android:launchMode="singleTask"
44-->src\main\AndroidManifest.xml:17:9-40
45            android:windowSoftInputMode="adjustResize" >
45-->src\main\AndroidManifest.xml:18:9-51
46            <intent-filter>
46-->src\main\AndroidManifest.xml:19:9-22:25
47                <action android:name="android.intent.action.MAIN" />
47-->src\main\AndroidManifest.xml:20:13-65
47-->src\main\AndroidManifest.xml:20:21-62
48
49                <category android:name="android.intent.category.LAUNCHER" />
49-->src\main\AndroidManifest.xml:21:13-73
49-->src\main\AndroidManifest.xml:21:23-70
50            </intent-filter>
51        </activity> <!-- suppress AndroidDomInspection -->
52        <activity
52-->[:react-native-keychain] AndroidManifest.xml:15:9-18:67
53            android:name="androidx.biometric.DeviceCredentialHandlerActivity"
53-->[:react-native-keychain] AndroidManifest.xml:16:13-78
54            android:exported="true"
54-->[:react-native-keychain] AndroidManifest.xml:17:13-36
55            android:theme="@style/DeviceCredentialHandlerTheme" />
55-->[:react-native-keychain] AndroidManifest.xml:18:13-64
56
57        <provider
57-->[:expo-file-system] AndroidManifest.xml:23:9-32:20
58            android:name="expo.modules.filesystem.FileSystemFileProvider"
58-->[:expo-file-system] AndroidManifest.xml:24:13-74
59            android:authorities="com.chitieuhoply.FileSystemFileProvider"
59-->[:expo-file-system] AndroidManifest.xml:25:13-74
60            android:exported="false"
60-->[:expo-file-system] AndroidManifest.xml:26:13-37
61            android:grantUriPermissions="true" >
61-->[:expo-file-system] AndroidManifest.xml:27:13-47
62            <meta-data
62-->[:expo-file-system] AndroidManifest.xml:29:13-31:70
63                android:name="android.support.FILE_PROVIDER_PATHS"
63-->[:expo-file-system] AndroidManifest.xml:30:17-67
64                android:resource="@xml/file_system_provider_paths" />
64-->[:expo-file-system] AndroidManifest.xml:31:17-67
65        </provider>
66
67        <meta-data
67-->[:expo-modules-core] AndroidManifest.xml:10:9-12:89
68            android:name="org.unimodules.core.AppLoader#react-native-headless"
68-->[:expo-modules-core] AndroidManifest.xml:11:13-79
69            android:value="expo.modules.adapters.react.apploader.RNHeadlessAppLoader" />
69-->[:expo-modules-core] AndroidManifest.xml:12:13-86
70    </application>
71
72</manifest>